<?xml version="1.0" encoding="UTF-8"?>
<!-- Generated by org.testng.reporters.JUnitXMLReporter -->
<testsuite ignored="0" hostname="LAPTOP-Pooja" failures="0" tests="4" name="Surefire test" time="8.22" errors="0" timestamp="2024-02-04T19:04:46 AEDT">
  <testcase classname="com.petstore.api.test.PetRegressionSuite" name="testPostUser" time="3.086"/>
  <testcase classname="com.petstore.api.test.PetRegressionSuite" name="testGetPetById" time="1.175"/>
  <testcase classname="com.petstore.api.test.PetRegressionSuite" name="testUpdateExistingPet" time="2.292"/>
  <testcase classname="com.petstore.api.test.PetRegressionSuite" name="testDeleteUserByName" time="1.134"/>
</testsuite> <!-- Surefire test -->
