<?xml version="1.0" encoding="UTF-8"?>
<!-- Generated by org.testng.reporters.JUnitXMLReporter -->
<testsuite ignored="0" hostname="LAPTOP-Pooja" failures="0" tests="4" name="Default test" time="14.123" errors="0" timestamp="2024-02-07T22:14:23 AEDT">
  <testcase classname="com.petstore.api.test.PetRegressionSuite" name="testAddPet" time="5.908"/>
  <testcase classname="com.petstore.api.test.PetRegressionSuite" name="testGetPetById" time="1.824"/>
  <testcase classname="com.petstore.api.test.PetRegressionSuite" name="testUpdateExistingPet" time="3.546"/>
  <testcase classname="com.petstore.api.test.PetRegressionSuite" name="testDeletePetById" time="1.704"/>
</testsuite> <!-- Default test -->
