<?xml version="1.0" encoding="UTF-8"?>
<!-- Generated by org.testng.reporters.JUnitXMLReporter -->
<testsuite ignored="0" hostname="LAPTOP-Pooja" failures="0" tests="4" name="Default test" time="7.894" errors="0" timestamp="2024-02-04T18:51:23 AEDT">
  <testcase classname="com.petstore.api.test.PetRegressionSuit" name="testPostUser" time="2.794"/>
  <testcase classname="com.petstore.api.test.PetRegressionSuit" name="testGetPetById" time="1.166"/>
  <testcase classname="com.petstore.api.test.PetRegressionSuit" name="testUpdateExistingPet" time="2.272"/>
  <testcase classname="com.petstore.api.test.PetRegressionSuit" name="testDeleteUserByName" time="1.137"/>
</testsuite> <!-- Default test -->
