<?xml version="1.0" encoding="UTF-8"?>
<testng-results ignored="0" total="4" passed="4" failed="0" skipped="0">
  <reporter-output>
  </reporter-output>
  <suite started-at="2024-02-04T19:04:38 AEDT" name="Surefire suite" finished-at="2024-02-04T19:04:46 AEDT" duration-ms="8220">
    <groups>
    </groups>
    <test started-at="2024-02-04T19:04:38 AEDT" name="Surefire test" finished-at="2024-02-04T19:04:46 AEDT" duration-ms="8220">
      <class name="com.petstore.api.test.PetRegressionSuite">
        <test-method is-config="true" signature="setup()[pri:0, instance:com.petstore.api.test.PetRegressionSuite@3745e5c6]" started-at="2024-02-04T19:04:38 AEDT" name="setup" finished-at="2024-02-04T19:04:39 AEDT" duration-ms="491" status="PASS">
          <reporter-output>
          </reporter-output>
        </test-method> <!-- setup -->
        <test-method signature="testPostUser()[pri:1, instance:com.petstore.api.test.PetRegressionSuite@3745e5c6]" started-at="2024-02-04T19:04:39 AEDT" name="testPostUser" finished-at="2024-02-04T19:04:42 AEDT" duration-ms="3086" status="PASS">
          <reporter-output>
          </reporter-output>
        </test-method> <!-- testPostUser -->
        <test-method signature="testGetPetById()[pri:2, instance:com.petstore.api.test.PetRegressionSuite@3745e5c6]" started-at="2024-02-04T19:04:42 AEDT" name="testGetPetById" finished-at="2024-02-04T19:04:43 AEDT" duration-ms="1175" status="PASS">
          <reporter-output>
          </reporter-output>
        </test-method> <!-- testGetPetById -->
        <test-method signature="testUpdateExistingPet()[pri:3, instance:com.petstore.api.test.PetRegressionSuite@3745e5c6]" started-at="2024-02-04T19:04:43 AEDT" name="testUpdateExistingPet" finished-at="2024-02-04T19:04:45 AEDT" duration-ms="2292" status="PASS">
          <reporter-output>
          </reporter-output>
        </test-method> <!-- testUpdateExistingPet -->
        <test-method signature="testDeleteUserByName()[pri:4, instance:com.petstore.api.test.PetRegressionSuite@3745e5c6]" started-at="2024-02-04T19:04:45 AEDT" name="testDeleteUserByName" finished-at="2024-02-04T19:04:46 AEDT" duration-ms="1134" status="PASS">
          <reporter-output>
          </reporter-output>
        </test-method> <!-- testDeleteUserByName -->
      </class> <!-- com.petstore.api.test.PetRegressionSuite -->
    </test> <!-- Surefire test -->
  </suite> <!-- Surefire suite -->
</testng-results>
