<?xml version="1.0" encoding="UTF-8"?>
<testng-results ignored="0" total="4" passed="4" failed="0" skipped="0">
  <reporter-output>
  </reporter-output>
  <suite started-at="2024-02-04T19:02:13 AEDT" name="PetSuite" finished-at="2024-02-04T19:02:21 AEDT" duration-ms="8039">
    <groups>
    </groups>
    <test started-at="2024-02-04T19:02:13 AEDT" name="PetTests" finished-at="2024-02-04T19:02:21 AEDT" duration-ms="8039">
      <class name="com.petstore.api.test.PetRegressionSuite">
        <test-method is-config="true" signature="setup()[pri:0, instance:com.petstore.api.test.PetRegressionSuite@5a56cdac]" started-at="2024-02-04T19:02:13 AEDT" name="setup" finished-at="2024-02-04T19:02:13 AEDT" duration-ms="556" status="PASS">
          <reporter-output>
          </reporter-output>
        </test-method> <!-- setup -->
        <test-method signature="testPostUser()[pri:1, instance:com.petstore.api.test.PetRegressionSuite@5a56cdac]" started-at="2024-02-04T19:02:13 AEDT" name="testPostUser" finished-at="2024-02-04T19:02:16 AEDT" duration-ms="2845" status="PASS">
          <reporter-output>
          </reporter-output>
        </test-method> <!-- testPostUser -->
        <test-method signature="testGetPetById()[pri:2, instance:com.petstore.api.test.PetRegressionSuite@5a56cdac]" started-at="2024-02-04T19:02:16 AEDT" name="testGetPetById" finished-at="2024-02-04T19:02:17 AEDT" duration-ms="1178" status="PASS">
          <reporter-output>
          </reporter-output>
        </test-method> <!-- testGetPetById -->
        <test-method signature="testUpdateExistingPet()[pri:3, instance:com.petstore.api.test.PetRegressionSuite@5a56cdac]" started-at="2024-02-04T19:02:17 AEDT" name="testUpdateExistingPet" finished-at="2024-02-04T19:02:20 AEDT" duration-ms="2296" status="PASS">
          <reporter-output>
          </reporter-output>
        </test-method> <!-- testUpdateExistingPet -->
        <test-method signature="testDeleteUserByName()[pri:4, instance:com.petstore.api.test.PetRegressionSuite@5a56cdac]" started-at="2024-02-04T19:02:20 AEDT" name="testDeleteUserByName" finished-at="2024-02-04T19:02:21 AEDT" duration-ms="1122" status="PASS">
          <reporter-output>
          </reporter-output>
        </test-method> <!-- testDeleteUserByName -->
      </class> <!-- com.petstore.api.test.PetRegressionSuite -->
    </test> <!-- PetTests -->
  </suite> <!-- PetSuite -->
</testng-results>
