<?xml version="1.0" encoding="UTF-8"?>
<!-- Generated by org.testng.reporters.JUnitXMLReporter -->
<testsuite ignored="0" hostname="LAPTOP-Pooja" failures="0" tests="4" name="PetTests" time="8.039" errors="0" timestamp="2024-02-04T19:02:21 AEDT">
  <testcase classname="com.petstore.api.test.PetRegressionSuite" name="testPostUser" time="2.845"/>
  <testcase classname="com.petstore.api.test.PetRegressionSuite" name="testGetPetById" time="1.178"/>
  <testcase classname="com.petstore.api.test.PetRegressionSuite" name="testUpdateExistingPet" time="2.296"/>
  <testcase classname="com.petstore.api.test.PetRegressionSuite" name="testDeleteUserByName" time="1.122"/>
</testsuite> <!-- PetTests -->
